
	            G L O B A L   R E F E R E N C E S

	             Name               Value        Type
	==============================|=======|===============
	CR                               000A         CONSTANT
	FIM_TEXTO                        0040         CONSTANT
	IO_READ                          FFFF         CONSTANT
	IO_WRITE                         FFFE         CONSTANT
	IO_STATUS                        FFFD         CONSTANT
	INITIAL_SP                       FDFF         CONSTANT
	CURSOR                           FFFC         CONSTANT
	CURSOR_INIT                      FFFF         CONSTANT
	MAP_LINE_LENGTH                  0051         CONSTANT
	BARREIRA                         0038         CONSTANT
	COLISAO_PAREDE                   0001         CONSTANT
	PONTO                            002E         CONSTANT
	INIMIGO                          0058         CONSTANT
	LINHA_INICIAL_PACMAN             000C         CONSTANT
	COLUNA_INICIAL_PACMAN            0027         CONSTANT
	CIMA                             0001         CONSTANT
	BAIXO                            0002         CONSTANT
	DIREITA                          0003         CONSTANT
	ESQUERDA                         0004         CONSTANT
	TIMER_UNITS                      FFF6         CONSTANT
	ACTIVATE_TIMER                   FFF7         CONSTANT
	ON                               0001         CONSTANT
	OFF                              0000         CONSTANT
	PONTOS_VITORIA                   0005         CONSTANT
	SEM_VIDAS                        0000         CONSTANT
	Linha0                           8000           STRING
	Linha1                           8051           STRING
	Linha2                           80A2           STRING
	Linha3                           80F3           STRING
	Linha4                           8144           STRING
	Linha5                           8195           STRING
	Linha6                           81E6           STRING
	Linha7                           8237           STRING
	Linha8                           8288           STRING
	Linha9                           82D9           STRING
	Linha10                          832A           STRING
	Linha11                          837B           STRING
	Linha12                          83CC           STRING
	Linha13                          841D           STRING
	Linha14                          846E           STRING
	Linha15                          84BF           STRING
	Linha16                          8510           STRING
	Linha17                          8561           STRING
	Linha18                          85B2           STRING
	Linha19                          8603           STRING
	Linha20                          8654           STRING
	Linha21                          86A5           STRING
	Linha22                          86F6           STRING
	Linha23                          8747           STRING
	MapaVit0                         8798           STRING
	MapaVit1                         87E9           STRING
	MapaVit2                         883A           STRING
	MapaVit3                         888B           STRING
	MapaVit4                         88DC           STRING
	MapaVit5                         892D           STRING
	MapaVit6                         897E           STRING
	MapaVit7                         89CF           STRING
	MapaVit8                         8A20           STRING
	MapaVit9                         8A71           STRING
	MapaVit10                        8AC2           STRING
	MapaVit11                        8B13           STRING
	MapaVit12                        8B64           STRING
	MapaVit13                        8BB5           STRING
	MapaVit14                        8C06           STRING
	MapaVit15                        8C57           STRING
	MapaVit16                        8CA8           STRING
	MapaVit17                        8CF9           STRING
	MapaVit18                        8D4A           STRING
	MapaVit19                        8D9B           STRING
	MapaVit20                        8DEC           STRING
	MapaVit21                        8E3D           STRING
	MapaVit22                        8E8E           STRING
	MapaVit23                        8EDF           STRING
	MapaDer0                         8F30           STRING
	MapaDer1                         8F81           STRING
	MapaDer2                         8FD2           STRING
	MapaDer3                         9023           STRING
	MapaDer4                         9074           STRING
	MapaDer5                         90C5           STRING
	MapaDer6                         9116           STRING
	MapaDer7                         9167           STRING
	MapaDer8                         91B8           STRING
	MapaDer9                         9209           STRING
	MapaDer10                        925A           STRING
	MapaDer11                        92AB           STRING
	MapaDer12                        92FC           STRING
	MapaDer13                        934D           STRING
	MapaDer14                        939E           STRING
	MapaDer15                        93EF           STRING
	MapaDer16                        9440           STRING
	MapaDer17                        9491           STRING
	MapaDer18                        94E2           STRING
	MapaDer19                        9533           STRING
	MapaDer20                        9584           STRING
	MapaDer21                        95D5           STRING
	MapaDer22                        9626           STRING
	MapaDer23                        9677           STRING
	PACMAN                           96C8           STRING
	APAGAR                           96CA         VARIABLE
	INIMIGOS                         96CB           STRING
	LinhaPacMan                      96CD         VARIABLE
	ColunaPacMan                     96CE         VARIABLE
	IndicParede                      96CF         VARIABLE
	ClockTime                        96D0         VARIABLE
	DirecaoPacMan                    96D1         VARIABLE
	PontoCentenas                    96D2         VARIABLE
	PontoDezenas                     96D3         VARIABLE
	PontoUnidades                    96D4         VARIABLE
	LinhaPonto                       96D5         VARIABLE
	Pontuacao                        96D6         VARIABLE
	LinhaVida                        96D7         VARIABLE
	ColunaVida                       96D8         VARIABLE
	Vidas                            96D9         VARIABLE
	EntradPortalDir                  96DA         VARIABLE
	SaidaPortalDir                   96DB         VARIABLE
	EntradPortalEsq                  96DC         VARIABLE
	SaidaPortalEsq                   96DD         VARIABLE
	MapaAtual                        96DE         VARIABLE
	LinhaInimigo1                    96DF         VARIABLE
	ColunaInimigo1                   96E0         VARIABLE
	ValorAnteriorInimigo1            96E1         VARIABLE
	LinhaInimigo2                    96E2         VARIABLE
	ColunaInimigo2                   96E3         VARIABLE
	ValorAnteriorInimigo2            96E4         VARIABLE
	LinhaInimigo3                    96E5         VARIABLE
	ColunaInimigo3                   96E6         VARIABLE
	ValorAnteriorInimigo3            96E7         VARIABLE
	LinhaInimigo4                    96E8         VARIABLE
	ColunaInimigo4                   96E9         VARIABLE
	ValorAnteriorInimigo4            96EA         VARIABLE
	LinhaAtualInimigo                96EB         VARIABLE
	ColunaAtualInimigo               96EC         VARIABLE
	ValorAnteriorInimigo             96ED         VARIABLE
	INT0                             FE00         VARIABLE
	INT1                             FE01         VARIABLE
	INT2                             FE02         VARIABLE
	INT3                             FE03         VARIABLE
	INT4                             FE04         VARIABLE
	INT15                            FE0F         VARIABLE
	Imprime                          0002            LABEL
	Ciclo                            0008            LABEL
	FimImprime                       0015            LABEL
	ImprimeMapa                      001A            LABEL
	CicloImprimeMapa                 0022            LABEL
	ProximaLinha                     0026            LABEL
	FimImprimeMapa                   0030            LABEL
	ImprimePacMan                    0035            LABEL
	ApagarPacMan                     0046            LABEL
	MoveCima                         0059            LABEL
	CancelaMovCima                   0067            LABEL
	FimMoveCima                      006B            LABEL
	MoveBaixo                        006E            LABEL
	CancelaMovBaixo                  007C            LABEL
	FimMoveBaixo                     0080            LABEL
	MoveDireita                      0083            LABEL
	CancelaMovDireita                0093            LABEL
	FimMoveDireita                   0097            LABEL
	MoveEsquerda                     009A            LABEL
	CancelaMovEsquerda               00AA            LABEL
	FimMoveEsquerda                  00AE            LABEL
	SetDirecaoCima                   00B1            LABEL
	SetDirecaoBaixo                  00B8            LABEL
	SetDirecaoDireita                00BF            LABEL
	SetDirecaoEsquerda               00C6            LABEL
	Timer                            00CD            LABEL
	ConfigTimer                      010A            LABEL
	FimConfigTimer                   0115            LABEL
	Pause                            0119            LABEL
	FimPause                         011E            LABEL
	VerificaColisao                  0120            LABEL
	PosicaoVazia                     0141            LABEL
	Colisao                          0147            LABEL
	FimVerificaColisao               014B            LABEL
	ImprimeInimigos                  0150            LABEL
	VerificaColisaoInimigo           0179            LABEL
	VerificaInimigo2                 0189            LABEL
	VerificaInimigo3                 0197            LABEL
	VerificaInimigo4                 01A5            LABEL
	FimColisaoInimigo                01B1            LABEL
	ResetarPacman                    01B4            LABEL
	Pontos                           01C7            LABEL
	PerderVida                       0205            LABEL
	AtualizaVidas                    0214            LABEL
	Portal                           0229            LABEL
	VerificaColuna79                 0239            LABEL
	FimPortal                        0241            LABEL
	TelaVitoria                      0244            LABEL
	TelaDerrota                      024F            LABEL
	MoverInimigoCima                 025A            LABEL
	FimMoverInimigoCima              027D            LABEL
	MoverInimigoBaixo                0282            LABEL
	FimMoverInimigoBaixo             02A5            LABEL
	MoverInimigoDireita              02AA            LABEL
	FimMoverInimigoDireita           02CD            LABEL
	MoverInimigoEsquerda             02D2            LABEL
	FimMoverInimigoEsquerda          02F5            LABEL
	ApagarInimigoAtual               02FA            LABEL
	PersegueInimigo                  030D            LABEL
	TentaEsquerda                    031E            LABEL
	TentaDireita                     0327            LABEL
	TentaLinha                       0330            LABEL
	TentaCima                        033E            LABEL
	TentaBaixo                       0342            LABEL
	FimMovimentoAlvo                 0344            LABEL
	PersegueInimigo2                 0348            LABEL
	TentaEsquerda2                   0359            LABEL
	TentaDireita2                    0362            LABEL
	TentaLinha2                      036B            LABEL
	TentaCima2                       0379            LABEL
	TentaBaixo2                      037D            LABEL
	FimMovimentoAlvo2                037F            LABEL
	PersegueInimigo3                 0383            LABEL
	TentaCima3                       0394            LABEL
	TentaEsquerda3                   039D            LABEL
	TentaLinha3                      03A6            LABEL
	TentaBaixo3                      03B4            LABEL
	TentaDireita3                    03B8            LABEL
	FimMovimentoAlvo3                03BA            LABEL
	PersegueInimigo4                 03BE            LABEL
	TentaEsquerda4                   03CF            LABEL
	TentaDireita4                    03D8            LABEL
	TentaLinha4                      03E1            LABEL
	TentaCima4                       03EF            LABEL
	TentaBaixo4                      03F3            LABEL
	FimMovimentoAlvo4                03F5            LABEL
	AtualizaTempInimigo1             03F9            LABEL
	AtualizaTempInimigo2             0406            LABEL
	AtualizaTempInimigo3             0413            LABEL
	AtualizaTempInimigo4             0420            LABEL
	AtualizaPosicaoInimigo1          042D            LABEL
	AtualizaPosicaoInimigo2          043A            LABEL
	AtualizaPosicaoInimigo3          0447            LABEL
	AtualizaPosicaoInimigo4          0454            LABEL
	Main                             0461            LABEL
	Cycle                            0471            LABEL
	Halt                             0473            LABEL
	PararJogo                        0475            LABEL
